2026-02-03 00:11:32,317 - INFO - Fetching Master List...
2026-02-03 00:11:34,432 - INFO - Found 259 potential character profiles.
2026-02-03 00:11:34,432 - INFO - Processing Best Team Comp...
2026-02-03 00:11:34,433 - INFO - Processing State of Meta...
2026-02-03 00:11:34,433 - INFO - Processing Columbina...
2026-02-03 00:11:34,433 - INFO - Processing Yelan...
2026-02-03 00:11:34,433 - INFO - Processing Arlecchino...
2026-02-03 00:11:44,966 - INFO - Processed 5/259
2026-02-03 00:11:44,966 - INFO - Processing Furina...
2026-02-03 00:11:44,966 - INFO - Processing Mavuika...
2026-02-03 00:11:44,966 - INFO - Processing Version6.0...
2026-02-03 00:11:44,967 - INFO - Processing Version5.8...
2026-02-03 00:11:44,967 - INFO - Processing Version5.7...
2026-02-03 00:11:52,390 - INFO - Processed 10/259
2026-02-03 00:11:52,390 - INFO - Processing Skirk...
2026-02-03 00:11:52,390 - INFO - Processing Version5.6...
2026-02-03 00:11:52,390 - INFO - Processing Xilonen...
2026-02-03 00:11:52,390 - INFO - Processing Version5.5...
2026-02-03 00:11:52,391 - INFO - Processing Version5.4...
2026-02-03 00:11:59,407 - INFO - Processed 15/259
2026-02-03 00:11:59,407 - INFO - Processing Version5.3...
2026-02-03 00:11:59,407 - INFO - Processing Version5.2...
2026-02-03 00:11:59,407 - INFO - Processing Version5.1...
2026-02-03 00:11:59,407 - INFO - Processing Version5.0...
2026-02-03 00:11:59,408 - INFO - Processing Raiden...
2026-02-03 00:12:05,317 - INFO - Processed 20/259
2026-02-03 00:12:05,317 - INFO - Processing Version4.7...
2026-02-03 00:12:05,317 - INFO - Processing Clorinde...
2026-02-03 00:12:05,318 - INFO - Processing Version4.6...
2026-02-03 00:12:05,318 - INFO - Processing Version4.5...
2026-02-03 00:12:05,318 - INFO - Processing Chiori...
2026-02-03 00:12:11,435 - INFO - Processed 25/259
2026-02-03 00:12:11,435 - INFO - Processing Version4.3...
2026-02-03 00:12:11,436 - INFO - Processing Navia...
2026-02-03 00:12:11,436 - INFO - Processing Version4.2...
2026-02-03 00:12:11,436 - INFO - Processing Nahida...
2026-02-03 00:12:11,436 - INFO - Processing Version4.1...
2026-02-03 00:12:12,915 - WARNING - Failed to fetch https://game8.co/games/Genshin-Impact/archives/38060 (Status: 404)
2026-02-03 00:12:14,505 - WARNING - Failed to fetch https://game8.co/games/Genshin-Impact/archives/38060 (Status: 404)
2026-02-03 00:12:15,460 - WARNING - Failed to fetch https://game8.co/games/Genshin-Impact/archives/38060 (Status: 404)
2026-02-03 00:12:16,711 - INFO - Processed 30/259
2026-02-03 00:12:16,711 - INFO - Processing Neuvillette...
2026-02-03 00:12:16,711 - INFO - Processing Hu Tao...
2026-02-03 00:12:16,712 - INFO - Processing Version4.0...
2026-02-03 00:12:16,712 - INFO - Processing Version3.8...
2026-02-03 00:12:16,712 - INFO - Processing Eula...
2026-02-03 00:12:22,797 - INFO - Processed 35/259
2026-02-03 00:12:22,797 - INFO - Processing Ayaka...
2026-02-03 00:12:22,797 - INFO - Processing Version3.7...
2026-02-03 00:12:22,797 - INFO - Processing Alhaitham...
2026-02-03 00:12:22,797 - INFO - Processing Version3.6...
2026-02-03 00:12:22,798 - INFO - Processing Ayato...
2026-02-03 00:12:29,453 - INFO - Processed 40/259
2026-02-03 00:12:29,453 - INFO - Processing Version3.5...
2026-02-03 00:12:29,453 - INFO - Processing Version3.4...
2026-02-03 00:12:29,453 - INFO - Processing Version3.3...
2026-02-03 00:12:29,454 - INFO - Processing Wanderer...
2026-02-03 00:12:29,454 - INFO - Processing Version3.2...
2026-02-03 00:12:34,462 - INFO - Processed 45/259
2026-02-03 00:12:34,462 - INFO - Processing Kazuha...
2026-02-03 00:12:34,463 - INFO - Processing Zibai...
2026-02-03 00:12:34,463 - INFO - Processing Geo...
2026-02-03 00:12:34,463 - INFO - Processing Sword...
2026-02-03 00:12:34,463 - INFO - Processing Ineffa...
2026-02-03 00:12:50,979 - INFO - Fetching Master List...
2026-02-03 00:12:52,699 - INFO - Found 232 potential character profiles.
2026-02-03 00:12:52,699 - INFO - Processing State of Meta...
2026-02-03 00:12:52,699 - INFO - Processing Columbina...
2026-02-03 00:12:52,699 - INFO - Processing Yelan...
2026-02-03 00:12:52,699 - INFO - Processing Arlecchino...
2026-02-03 00:12:52,700 - INFO - Processing Furina...
2026-02-03 00:12:57,058 - WARNING - Discarding State of Meta - invalid metadata (likely not a character)
2026-02-03 00:13:00,897 - INFO - Processed 5/232
2026-02-03 00:13:00,897 - INFO - Processing Mavuika...
2026-02-03 00:13:00,897 - INFO - Processing Skirk...
2026-02-03 00:13:00,897 - INFO - Processing Xilonen...
2026-02-03 00:13:00,898 - INFO - Processing Raiden...
2026-02-03 00:13:00,898 - INFO - Processing Clorinde...
2026-02-03 00:13:07,623 - INFO - Processed 10/232
2026-02-03 00:13:07,623 - INFO - Processing Chiori...
2026-02-03 00:13:07,623 - INFO - Processing Navia...
2026-02-03 00:13:07,623 - INFO - Processing Nahida...
2026-02-03 00:13:07,623 - INFO - Processing Neuvillette...
2026-02-03 00:13:07,624 - INFO - Processing Hu Tao...
2026-02-03 00:13:13,360 - INFO - Processed 15/232
2026-02-03 00:13:13,360 - INFO - Processing Eula...
2026-02-03 00:13:13,360 - INFO - Processing Ayaka...
2026-02-03 00:13:13,360 - INFO - Processing Alhaitham...
2026-02-03 00:13:13,361 - INFO - Processing Ayato...
2026-02-03 00:13:13,361 - INFO - Processing Wanderer...
2026-02-03 00:13:19,825 - INFO - Processed 20/232
2026-02-03 00:13:19,826 - INFO - Processing Kazuha...
2026-02-03 00:13:19,826 - INFO - Processing Zibai...
2026-02-03 00:13:19,826 - INFO - Processing Geo...
2026-02-03 00:13:19,826 - INFO - Processing Sword...
2026-02-03 00:13:19,827 - INFO - Processing Ineffa...
2026-02-03 00:13:24,878 - INFO - Processed 25/232
2026-02-03 00:13:24,878 - INFO - Processing Electro...
2026-02-03 00:13:24,878 - INFO - Processing Polearm...
2026-02-03 00:13:24,878 - INFO - Processing Hydro...
2026-02-03 00:13:24,878 - INFO - Processing Catalyst...
2026-02-03 00:13:24,878 - INFO - Processing Illuga...
2026-02-03 00:13:30,101 - INFO - Processed 30/232
2026-02-03 00:13:30,101 - INFO - Processing Aino...
2026-02-03 00:13:30,101 - INFO - Processing Claymore...
2026-02-03 00:13:30,101 - INFO - Processing Ifa...
2026-02-03 00:13:30,101 - INFO - Processing Anemo...
2026-02-03 00:13:30,102 - INFO - Processing Sethos...
2026-02-03 00:13:36,174 - INFO - Processed 35/232
2026-02-03 00:13:36,175 - INFO - Processing Bow...
2026-02-03 00:13:36,175 - INFO - Processing Gorou...
2026-02-03 00:13:36,175 - INFO - Processing Fischl...
2026-02-03 00:13:36,175 - INFO - Processing A Thousand Blazing Suns...
2026-02-03 00:13:36,175 - INFO - Processing Nefer...
2026-02-03 00:13:41,829 - WARNING - Discarding A Thousand Blazing Suns - invalid metadata (likely not a character)
2026-02-03 00:13:46,226 - INFO - Processed 40/232
2026-02-03 00:13:46,227 - INFO - Processing Reliquary of Truth...
2026-02-03 00:13:46,227 - INFO - Processing Night of the Sky's Unveiling...
2026-02-03 00:13:46,227 - INFO - Processing Flins...
2026-02-03 00:13:46,227 - INFO - Processing Bloodsoaked Ruins...
2026-02-03 00:13:46,227 - INFO - Processing Azurelight...
2026-02-03 00:13:50,161 - WARNING - Discarding Bloodsoaked Ruins - invalid metadata (likely not a character)
2026-02-03 00:13:51,036 - WARNING - Discarding Azurelight - invalid metadata (likely not a character)
2026-02-03 00:13:51,344 - WARNING - Discarding Reliquary of Truth - invalid metadata (likely not a character)
2026-02-03 00:13:51,710 - WARNING - Discarding Night of the Sky's Unveiling - invalid metadata (likely not a character)
2026-02-03 00:13:51,711 - INFO - Processed 45/232
2026-02-03 00:13:51,711 - INFO - Processing Finale of the Deep Galleries...
2026-02-03 00:13:51,711 - INFO - Processing Varesa...
2026-02-03 00:13:51,711 - INFO - Processing Vivid Notions...
2026-02-03 00:13:51,711 - INFO - Processing Long Night's Oath...
2026-02-03 00:13:51,711 - INFO - Processing Tome of the Eternal Flow...
2026-02-03 00:13:54,846 - WARNING - Discarding Vivid Notions - invalid metadata (likely not a character)
2026-02-03 00:13:55,354 - WARNING - Discarding Tome of the Eternal Flow - invalid metadata (likely not a character)
2026-02-03 00:13:55,994 - WARNING - Discarding Long Night's Oath - invalid metadata (likely not a character)
2026-02-03 00:13:56,756 - WARNING - Discarding Finale of the Deep Galleries - invalid metadata (likely not a character)
2026-02-03 00:13:56,756 - INFO - Processed 50/232
2026-02-03 00:13:56,756 - INFO - Processing Marechaussee Hunter...
2026-02-03 00:13:56,757 - INFO - Processing Mualani...
2026-02-03 00:13:56,757 - INFO - Processing Surf's Up...
2026-02-03 00:13:56,757 - INFO - Processing Crimson Moon's Semblance...
2026-02-03 00:13:56,757 - INFO - Processing Fragment of Harmonic Whimsy...
2026-02-03 00:14:00,735 - WARNING - Discarding Marechaussee Hunter - invalid metadata (likely not a character)
2026-02-03 00:14:00,957 - WARNING - Discarding Crimson Moon's Semblance - invalid metadata (likely not a character)
2026-02-03 00:14:01,467 - WARNING - Discarding Surf's Up - invalid metadata (likely not a character)
2026-02-03 00:14:02,147 - WARNING - Discarding Fragment of Harmonic Whimsy - invalid metadata (likely not a character)
2026-02-03 00:14:02,147 - INFO - Processed 55/232
2026-02-03 00:14:02,147 - INFO - Processing Chasca...
2026-02-03 00:14:02,148 - INFO - Processing Kinich...
2026-02-03 00:14:02,148 - INFO - Processing Fang of the Mountain King...
2026-02-03 00:14:02,148 - INFO - Processing Absolution...
2026-02-03 00:14:02,148 - INFO - Processing Gaming...
2026-02-03 00:14:06,309 - WARNING - Discarding Absolution - invalid metadata (likely not a character)
2026-02-03 00:14:06,343 - WARNING - Discarding Fang of the Mountain King - invalid metadata (likely not a character)
2026-02-03 00:14:07,597 - INFO - Processed 60/232
2026-02-03 00:14:07,598 - INFO - Processing Serpent Spine...
2026-02-03 00:14:07,598 - INFO - Processing Klee...
2026-02-03 00:14:07,598 - INFO - Processing Razor...
2026-02-03 00:14:07,598 - INFO - Processing Venti...
2026-02-03 00:14:07,598 - INFO - Processing The Daybreak Chronicles...
2026-02-03 00:14:11,923 - WARNING - Discarding Serpent Spine - invalid metadata (likely not a character)
2026-02-03 00:14:12,353 - WARNING - Discarding The Daybreak Chronicles - invalid metadata (likely not a character)
2026-02-03 00:14:14,090 - INFO - Processed 65/232
2026-02-03 00:14:14,090 - INFO - Processing Verdict...
2026-02-03 00:14:14,090 - INFO - Processing Light of Foliar Incision...
2026-02-03 00:14:14,090 - INFO - Processing Gilded Dreams...
2026-02-03 00:14:14,090 - INFO - Processing Mistsplitter Reforged...
2026-02-03 00:14:14,090 - INFO - Processing Blizzard Strayer...
2026-02-03 00:14:16,776 - WARNING - Discarding Blizzard Strayer - invalid metadata (likely not a character)
2026-02-03 00:14:18,175 - WARNING - Discarding Gilded Dreams - invalid metadata (likely not a character)
2026-02-03 00:14:18,311 - WARNING - Discarding Verdict - invalid metadata (likely not a character)
2026-02-03 00:14:19,060 - WARNING - Discarding Mistsplitter Reforged - invalid metadata (likely not a character)
2026-02-03 00:14:19,236 - WARNING - Discarding Light of Foliar Incision - invalid metadata (likely not a character)
2026-02-03 00:14:19,236 - INFO - Processed 70/232
2026-02-03 00:14:19,237 - INFO - Processing Wriothesley...
2026-02-03 00:14:19,237 - INFO - Processing Cashflow Supervision...
2026-02-03 00:14:19,237 - INFO - Processing Lyney...
2026-02-03 00:14:19,237 - INFO - Processing The First Great Magic...
2026-02-03 00:14:19,237 - INFO - Processing Staff of Homa...
2026-02-03 00:14:22,488 - WARNING - Discarding Staff of Homa - invalid metadata (likely not a character)
2026-02-03 00:14:23,590 - WARNING - Discarding The First Great Magic - invalid metadata (likely not a character)
2026-02-03 00:14:23,857 - WARNING - Discarding Cashflow Supervision - invalid metadata (likely not a character)
2026-02-03 00:14:24,938 - INFO - Processed 75/232
2026-02-03 00:14:24,938 - INFO - Processing Crimson Witch of Flames...
2026-02-03 00:14:24,938 - INFO - Processing Xiao...
2026-02-03 00:14:24,938 - INFO - Processing Primordial Jade Winged-Spear...
2026-02-03 00:14:24,938 - INFO - Processing Vermillion Hereafter...
2026-02-03 00:14:24,938 - INFO - Processing Engulfing Lightning...
2026-02-03 00:14:28,233 - WARNING - Discarding Engulfing Lightning - invalid metadata (likely not a character)
2026-02-03 00:14:28,461 - WARNING - Discarding Crimson Witch of Flames - invalid metadata (likely not a character)
2026-02-03 00:14:29,049 - WARNING - Discarding Vermillion Hereafter - invalid metadata (likely not a character)
2026-02-03 00:14:29,484 - WARNING - Discarding Primordial Jade Winged-Spear - invalid metadata (likely not a character)
2026-02-03 00:14:30,336 - INFO - Processed 80/232
2026-02-03 00:14:30,336 - INFO - Processing Emblem of Severed Fate...
2026-02-03 00:14:30,336 - INFO - Processing Tartaglia...
2026-02-03 00:14:30,336 - INFO - Processing Polar Star...
2026-02-03 00:14:30,336 - INFO - Processing Nymph's Dream...
2026-02-03 00:14:30,337 - INFO - Processing Tulaytullah's Remembrance...
2026-02-03 00:14:32,935 - WARNING - Discarding Nymph's Dream - invalid metadata (likely not a character)
2026-02-03 00:14:33,268 - WARNING - Discarding Polar Star - invalid metadata (likely not a character)
2026-02-03 00:14:34,606 - WARNING - Discarding Emblem of Severed Fate - invalid metadata (likely not a character)
2026-02-03 00:14:35,122 - WARNING - Discarding Tulaytullah's Remembrance - invalid metadata (likely not a character)
2026-02-03 00:14:35,122 - INFO - Processed 85/232
2026-02-03 00:14:35,123 - INFO - Processing Desert Pavilion Chronicle...
2026-02-03 00:14:35,123 - INFO - Processing Yoimiya...
2026-02-03 00:14:35,123 - INFO - Processing Thundering Pulse...
2026-02-03 00:14:35,123 - INFO - Processing Shimenawa's Reminiscence...
2026-02-03 00:14:35,123 - INFO - Processing Diluc...
2026-02-03 00:14:39,060 - WARNING - Discarding Shimenawa's Reminiscence - invalid metadata (likely not a character)
2026-02-03 00:14:39,208 - WARNING - Discarding Desert Pavilion Chronicle - invalid metadata (likely not a character)
2026-02-03 00:14:39,561 - WARNING - Discarding Thundering Pulse - invalid metadata (likely not a character)
2026-02-03 00:14:41,151 - INFO - Processed 90/232
2026-02-03 00:14:41,152 - INFO - Processing Beacon of the Reed Sea...
2026-02-03 00:14:41,152 - INFO - Processing Itto...
2026-02-03 00:14:41,152 - INFO - Processing Redhorn Stonethresher...
2026-02-03 00:14:41,152 - INFO - Processing Husk of Opulent Dreams...
2026-02-03 00:14:41,152 - INFO - Processing Haran Geppaku Futsu...
2026-02-03 00:14:44,260 - WARNING - Discarding Redhorn Stonethresher - invalid metadata (likely not a character)
2026-02-03 00:14:44,509 - WARNING - Discarding Beacon of the Reed Sea - invalid metadata (likely not a character)
2026-02-03 00:14:44,995 - WARNING - Discarding Husk of Opulent Dreams - invalid metadata (likely not a character)
2026-02-03 00:14:46,327 - WARNING - Discarding Haran Geppaku Futsu - invalid metadata (likely not a character)
2026-02-03 00:14:46,601 - INFO - Processed 95/232
2026-02-03 00:14:46,602 - INFO - Processing Echoes of an Offering...
2026-02-03 00:14:46,602 - INFO - Processing Ganyu...
2026-02-03 00:14:46,602 - INFO - Processing Hunter's Path...
2026-02-03 00:14:46,602 - INFO - Processing Tighnari...
2026-02-03 00:14:46,602 - INFO - Processing Wanderer's Troupe...
2026-02-03 00:14:51,355 - WARNING - Discarding Echoes of an Offering - invalid metadata (likely not a character)
2026-02-03 00:14:51,421 - WARNING - Discarding Wanderer's Troupe - invalid metadata (likely not a character)
2026-02-03 00:14:51,799 - WARNING - Discarding Hunter's Path - invalid metadata (likely not a character)
2026-02-03 00:14:52,080 - INFO - Processed 100/232
2026-02-03 00:14:52,081 - INFO - Processing Cyno...
2026-02-03 00:14:52,081 - INFO - Processing Staff of the Scarlet Sands...
2026-02-03 00:14:52,081 - INFO - Processing Sunny Morning Sleep-In...
2026-02-03 00:14:52,081 - INFO - Processing Viridescent Venerer...
2026-02-03 00:14:52,081 - INFO - Processing Keqing...
2026-02-03 00:14:54,841 - WARNING - Discarding Viridescent Venerer - invalid metadata (likely not a character)
2026-02-03 00:14:56,577 - WARNING - Discarding Sunny Morning Sleep-In - invalid metadata (likely not a character)
2026-02-03 00:14:56,731 - WARNING - Discarding Staff of the Scarlet Sands - invalid metadata (likely not a character)
2026-02-03 00:15:01,780 - INFO - Processed 105/232
2026-02-03 00:15:01,781 - INFO - Processing Thundering Fury...
2026-02-03 00:15:01,781 - INFO - Processing Noelle...
2026-02-03 00:15:01,781 - INFO - Processing Song of Broken Pines...
2026-02-03 00:15:01,781 - INFO - Processing Pale Flame...
2026-02-03 00:15:01,781 - INFO - Processing Mizuki...
2026-02-03 00:15:04,837 - WARNING - Discarding Thundering Fury - invalid metadata (likely not a character)
2026-02-03 00:15:05,162 - WARNING - Discarding Song of Broken Pines - invalid metadata (likely not a character)
2026-02-03 00:15:05,820 - WARNING - Discarding Pale Flame - invalid metadata (likely not a character)
2026-02-03 00:15:07,192 - INFO - Processed 110/232
2026-02-03 00:15:07,193 - INFO - Processing Yanfei...
2026-02-03 00:15:07,193 - INFO - Processing Heizou...
2026-02-03 00:15:07,193 - INFO - Processing Kaveh...
2026-02-03 00:15:07,193 - INFO - Processing Mailed Flower...
2026-02-03 00:15:07,194 - INFO - Processing Flower of Paradise Lost...
2026-02-03 00:15:11,509 - WARNING - Discarding Flower of Paradise Lost - invalid metadata (likely not a character)
2026-02-03 00:15:12,823 - WARNING - Discarding Mailed Flower - invalid metadata (likely not a character)
2026-02-03 00:15:14,497 - INFO - Processed 115/232
2026-02-03 00:15:14,497 - INFO - Processing Freminet...
2026-02-03 00:15:14,497 - INFO - Processing Ningguang...
2026-02-03 00:15:14,497 - INFO - Processing Dehya...
2026-02-03 00:15:14,498 - INFO - Processing Vourukasha's Glow...
2026-02-03 00:15:14,498 - INFO - Processing Xinyan...
2026-02-03 00:15:19,260 - WARNING - Discarding Vourukasha's Glow - invalid metadata (likely not a character)
2026-02-03 00:15:22,192 - INFO - Processed 120/232
2026-02-03 00:15:22,193 - INFO - Processing Bloodstained Chivalry...
2026-02-03 00:15:22,193 - INFO - Processing Aloy...
2026-02-03 00:15:22,193 - INFO - Processing Nocturne's Curtain Call...
2026-02-03 00:15:22,193 - INFO - Processing Fractured Halo...
2026-02-03 00:15:22,193 - INFO - Processing Lauma...
2026-02-03 00:15:26,838 - WARNING - Discarding Fractured Halo - invalid metadata (likely not a character)
2026-02-03 00:15:27,187 - WARNING - Discarding Bloodstained Chivalry - invalid metadata (likely not a character)
2026-02-03 00:15:27,560 - WARNING - Discarding Nocturne's Curtain Call - invalid metadata (likely not a character)
2026-02-03 00:15:27,560 - INFO - Processed 125/232
2026-02-03 00:15:27,561 - INFO - Processing Nightweaver's Looking Glass...
2026-02-03 00:15:27,561 - INFO - Processing Deepwood Memories...
2026-02-03 00:15:27,561 - INFO - Processing Splendor of Tranquil Waters...
2026-02-03 00:15:27,561 - INFO - Processing Golden Troupe...
2026-02-03 00:15:27,561 - INFO - Processing Escoffier...
2026-02-03 00:15:30,958 - WARNING - Discarding Splendor of Tranquil Waters - invalid metadata (likely not a character)
2026-02-03 00:15:31,147 - WARNING - Discarding Nightweaver's Looking Glass - invalid metadata (likely not a character)
2026-02-03 00:15:32,082 - WARNING - Discarding Golden Troupe - invalid metadata (likely not a character)
2026-02-03 00:15:32,851 - WARNING - Discarding Deepwood Memories - invalid metadata (likely not a character)
2026-02-03 00:15:32,851 - INFO - Processed 130/232
2026-02-03 00:15:32,851 - INFO - Processing Symphonist of Scents...
2026-02-03 00:15:32,852 - INFO - Processing Durin...
2026-02-03 00:15:32,852 - INFO - Processing Athame Artis...
2026-02-03 00:15:32,852 - INFO - Processing Aqua Simulacra...
2026-02-03 00:15:32,852 - INFO - Processing Xingqiu...
2026-02-03 00:15:36,344 - WARNING - Discarding Symphonist of Scents - invalid metadata (likely not a character)
2026-02-03 00:15:39,160 - WARNING - Discarding Athame Artis - invalid metadata (likely not a character)
2026-02-03 00:15:39,321 - WARNING - Discarding Aqua Simulacra - invalid metadata (likely not a character)
2026-02-03 00:15:39,321 - INFO - Processed 135/232
2026-02-03 00:15:39,321 - INFO - Processing Sacrificial Sword...
2026-02-03 00:15:39,321 - INFO - Processing A Thousand Floating Dreams...
2026-02-03 00:15:39,321 - INFO - Processing Xiangling...
2026-02-03 00:15:39,321 - INFO - Processing Dragon's Bane...
2026-02-03 00:15:39,322 - INFO - Processing Albedo...
2026-02-03 00:15:42,422 - WARNING - Discarding Dragon's Bane - invalid metadata (likely not a character)
2026-02-03 00:15:42,586 - WARNING - Discarding A Thousand Floating Dreams - invalid metadata (likely not a character)
2026-02-03 00:15:43,083 - WARNING - Discarding Sacrificial Sword - invalid metadata (likely not a character)
2026-02-03 00:15:45,321 - INFO - Processed 140/232
2026-02-03 00:15:45,321 - INFO - Processing Uraku Misugiri...
2026-02-03 00:15:45,321 - INFO - Processing Emilie...
2026-02-03 00:15:45,321 - INFO - Processing Lumidouce Elegy...
2026-02-03 00:15:45,321 - INFO - Processing Unfinished Reverie...
2026-02-03 00:15:45,321 - INFO - Processing Nilou...
2026-02-03 00:15:49,679 - WARNING - Discarding Lumidouce Elegy - invalid metadata (likely not a character)
2026-02-03 00:15:50,129 - WARNING - Discarding Uraku Misugiri - invalid metadata (likely not a character)
2026-02-03 00:15:50,894 - WARNING - Discarding Unfinished Reverie - invalid metadata (likely not a character)
2026-02-03 00:15:51,182 - INFO - Processed 145/232
2026-02-03 00:15:51,182 - INFO - Processing Key of Khaj-Nisut...
2026-02-03 00:15:51,182 - INFO - Processing Tenacity of the Millelith...
2026-02-03 00:15:51,182 - INFO - Processing Shinobu...
2026-02-03 00:15:51,182 - INFO - Processing Freedom-Sworn...
2026-02-03 00:15:51,182 - INFO - Processing Ororon...
2026-02-03 00:15:54,008 - WARNING - Discarding Freedom-Sworn - invalid metadata (likely not a character)
2026-02-03 00:15:55,134 - WARNING - Discarding Tenacity of the Millelith - invalid metadata (likely not a character)
2026-02-03 00:15:56,241 - WARNING - Discarding Key of Khaj-Nisut - invalid metadata (likely not a character)
2026-02-03 00:15:57,619 - INFO - Processed 150/232
2026-02-03 00:15:57,619 - INFO - Processing Elegy for the End...
2026-02-03 00:15:57,619 - INFO - Processing Flame-Forged Insight...
2026-02-03 00:15:57,619 - INFO - Processing Silken Moon's Serenade...
2026-02-03 00:15:57,619 - INFO - Processing Mona...
2026-02-03 00:15:57,620 - INFO - Processing The Widsith...
2026-02-03 00:16:00,266 - WARNING - Discarding Silken Moon's Serenade - invalid metadata (likely not a character)
2026-02-03 00:16:01,771 - WARNING - Discarding Flame-Forged Insight - invalid metadata (likely not a character)
2026-02-03 00:16:02,165 - WARNING - Discarding The Widsith - invalid metadata (likely not a character)
2026-02-03 00:16:02,562 - WARNING - Discarding Elegy for the End - invalid metadata (likely not a character)
2026-02-03 00:16:02,562 - INFO - Processed 155/232
2026-02-03 00:16:02,563 - INFO - Processing Sucrose...
2026-02-03 00:16:02,563 - INFO - Processing Yae Miko...
2026-02-03 00:16:02,563 - INFO - Processing Kagura's Verity...
2026-02-03 00:16:02,563 - INFO - Processing Rosaria...
2026-02-03 00:16:02,563 - INFO - Processing The Catch...
2026-02-03 00:16:06,530 - WARNING - Discarding Kagura's Verity - invalid metadata (likely not a character)
2026-02-03 00:16:06,963 - WARNING - Discarding The Catch - invalid metadata (likely not a character)
2026-02-03 00:16:08,533 - INFO - Processed 160/232
2026-02-03 00:16:08,533 - INFO - Processing Jahoda...
2026-02-03 00:16:08,533 - INFO - Processing Thoma...
2026-02-03 00:16:08,533 - INFO - Processing Kitain Cross Spear...
2026-02-03 00:16:08,533 - INFO - Processing Collei...
2026-02-03 00:16:08,533 - INFO - Processing Traveler (Pyro)...
2026-02-03 00:16:11,994 - WARNING - Discarding Kitain Cross Spear - invalid metadata (likely not a character)
2026-02-03 00:16:13,816 - INFO - Processed 165/232
2026-02-03 00:16:13,817 - INFO - Processing Favonius Sword...
2026-02-03 00:16:13,817 - INFO - Processing Kokomi...
2026-02-03 00:16:13,817 - INFO - Processing Everlasting Moonglow...
2026-02-03 00:16:13,817 - INFO - Processing Ocean-Hued Clam...
2026-02-03 00:16:13,817 - INFO - Processing Beidou...
2026-02-03 00:16:17,442 - WARNING - Discarding Ocean-Hued Clam - invalid metadata (likely not a character)
2026-02-03 00:16:19,241 - WARNING - Discarding Favonius Sword - invalid metadata (likely not a character)
2026-02-03 00:16:19,678 - WARNING - Discarding Everlasting Moonglow - invalid metadata (likely not a character)
2026-02-03 00:16:19,678 - INFO - Processed 170/232
2026-02-03 00:16:19,678 - INFO - Processing Kaeya...
2026-02-03 00:16:19,678 - INFO - Processing Traveler (Dendro)...
2026-02-03 00:16:19,679 - INFO - Processing Lynette...
2026-02-03 00:16:19,679 - INFO - Processing Kachina...
2026-02-03 00:16:19,679 - INFO - Processing Footprint of the Rainbow...
2026-02-03 00:16:25,056 - WARNING - Discarding Footprint of the Rainbow - invalid metadata (likely not a character)
2026-02-03 00:16:25,591 - INFO - Processed 175/232
2026-02-03 00:16:25,592 - INFO - Processing Lisa...
2026-02-03 00:16:25,592 - INFO - Processing Chongyun...
2026-02-03 00:16:25,592 - INFO - Processing Skyward Pride...
2026-02-03 00:16:25,592 - INFO - Processing Noblesse Oblige...
2026-02-03 00:16:25,592 - INFO - Processing Sayu...
2026-02-03 00:16:29,055 - WARNING - Discarding Skyward Pride - invalid metadata (likely not a character)
2026-02-03 00:16:30,220 - WARNING - Discarding Noblesse Oblige - invalid metadata (likely not a character)
2026-02-03 00:16:32,631 - INFO - Processed 180/232
2026-02-03 00:16:32,631 - INFO - Processing Makhaira Aquamarine...
2026-02-03 00:16:32,631 - INFO - Processing Traveler (Geo)...
2026-02-03 00:16:32,632 - INFO - Processing Skyward Blade...
2026-02-03 00:16:32,632 - INFO - Processing Amber...
2026-02-03 00:16:32,632 - INFO - Processing Traveler (Anemo)...
2026-02-03 00:16:37,275 - WARNING - Discarding Skyward Blade - invalid metadata (likely not a character)
2026-02-03 00:16:38,360 - WARNING - Discarding Makhaira Aquamarine - invalid metadata (likely not a character)
2026-02-03 00:16:38,361 - INFO - Processed 185/232
2026-02-03 00:16:38,361 - INFO - Processing Traveler (Hydro)...
2026-02-03 00:16:38,361 - INFO - Processing Primordial Jade Cutter...
2026-02-03 00:16:38,361 - INFO - Processing Bennett...
2026-02-03 00:16:38,361 - INFO - Processing Iansan...
2026-02-03 00:16:38,361 - INFO - Processing Calamity Queller...
2026-02-03 00:16:42,934 - WARNING - Discarding Primordial Jade Cutter - invalid metadata (likely not a character)
2026-02-03 00:16:44,117 - WARNING - Discarding Calamity Queller - invalid metadata (likely not a character)
2026-02-03 00:16:45,078 - INFO - Processed 190/232
2026-02-03 00:16:45,078 - INFO - Processing Citlali...
2026-02-03 00:16:45,078 - INFO - Processing Starcaller's Watch...
2026-02-03 00:16:45,078 - INFO - Processing Peak Patrol Song...
2026-02-03 00:16:45,078 - INFO - Processing Chevreuse...
2026-02-03 00:16:45,078 - INFO - Processing Black Tassel...
2026-02-03 00:16:48,688 - WARNING - Discarding Starcaller's Watch - invalid metadata (likely not a character)
2026-02-03 00:16:50,256 - WARNING - Discarding Peak Patrol Song - invalid metadata (likely not a character)
2026-02-03 00:16:53,468 - WARNING - Discarding Black Tassel - invalid metadata (likely not a character)
2026-02-03 00:16:53,468 - INFO - Processed 195/232
2026-02-03 00:16:53,468 - INFO - Processing Xianyun...
2026-02-03 00:16:53,468 - INFO - Processing Crane's Echoing Call...
2026-02-03 00:16:53,468 - INFO - Processing Baizhu...
2026-02-03 00:16:53,468 - INFO - Processing Jadefall's Splendor...
2026-02-03 00:16:53,468 - INFO - Processing Zhongli...
2026-02-03 00:16:57,163 - WARNING - Discarding Jadefall's Splendor - invalid metadata (likely not a character)
2026-02-03 00:16:59,222 - WARNING - Discarding Crane's Echoing Call - invalid metadata (likely not a character)
2026-02-03 00:17:00,655 - INFO - Processed 200/232
2026-02-03 00:17:00,655 - INFO - Processing Shenhe...
2026-02-03 00:17:00,656 - INFO - Processing Jean...
2026-02-03 00:17:00,656 - INFO - Processing Lan Yan...
2026-02-03 00:17:00,656 - INFO - Processing Memory of Dust...
2026-02-03 00:17:00,656 - INFO - Processing Faruzan...
2026-02-03 00:17:04,073 - WARNING - Discarding Memory of Dust - invalid metadata (likely not a character)
2026-02-03 00:17:06,744 - INFO - Processed 205/232
2026-02-03 00:17:06,744 - INFO - Processing Diona...
2026-02-03 00:17:06,744 - INFO - Processing Sacrificial Bow...
2026-02-03 00:17:06,744 - INFO - Processing Yaoyao...
2026-02-03 00:17:06,744 - INFO - Processing Favonius Lance...
2026-02-03 00:17:06,744 - INFO - Processing Charlotte...
2026-02-03 00:17:12,895 - WARNING - Discarding Sacrificial Bow - invalid metadata (likely not a character)
2026-02-03 00:17:13,247 - WARNING - Discarding Favonius Lance - invalid metadata (likely not a character)
2026-02-03 00:17:13,568 - INFO - Processed 210/232
2026-02-03 00:17:13,568 - INFO - Processing Skyward Atlas...
2026-02-03 00:17:13,568 - INFO - Processing Layla...
2026-02-03 00:17:13,568 - INFO - Processing Kirara...
2026-02-03 00:17:13,568 - INFO - Processing Yun Jin...
2026-02-03 00:17:13,568 - INFO - Processing Sara...
2026-02-03 00:17:17,136 - WARNING - Discarding Skyward Atlas - invalid metadata (likely not a character)
2026-02-03 00:17:20,563 - INFO - Processed 215/232
2026-02-03 00:17:20,563 - INFO - Processing Skyward Harp...
2026-02-03 00:17:20,563 - INFO - Processing Sigewinne...
2026-02-03 00:17:20,563 - INFO - Processing Silvershower Heartstrings...
2026-02-03 00:17:20,563 - INFO - Processing Song of Days Past...
2026-02-03 00:17:20,563 - INFO - Processing Portable Power Saw...
2026-02-03 00:17:25,331 - WARNING - Discarding Silvershower Heartstrings - invalid metadata (likely not a character)
2026-02-03 00:17:26,679 - WARNING - Discarding Skyward Harp - invalid metadata (likely not a character)
2026-02-03 00:17:26,840 - WARNING - Discarding Portable Power Saw - invalid metadata (likely not a character)
2026-02-03 00:17:27,085 - WARNING - Discarding Song of Days Past - invalid metadata (likely not a character)
2026-02-03 00:17:28,176 - INFO - Processed 220/232
2026-02-03 00:17:28,176 - INFO - Processing Mika...
2026-02-03 00:17:28,176 - INFO - Processing Wolf's Gravestone...
2026-02-03 00:17:28,177 - INFO - Processing Dahlia...
2026-02-03 00:17:28,177 - INFO - Processing Qiqi...
2026-02-03 00:17:28,177 - INFO - Processing Barbara...
2026-02-03 00:17:32,537 - WARNING - Discarding Wolf's Gravestone - invalid metadata (likely not a character)
2026-02-03 00:17:34,185 - INFO - Processed 225/232
2026-02-03 00:17:34,185 - INFO - Processing Traveler (Electro)...
2026-02-03 00:17:34,185 - INFO - Processing Candace...
2026-02-03 00:17:34,185 - INFO - Processing Dori...
2026-02-03 00:17:34,186 - INFO - Processing Favonius Greatsword...
2026-02-03 00:17:34,186 - INFO - Processing Whiteblind...
2026-02-03 00:17:39,578 - WARNING - Discarding Whiteblind - invalid metadata (likely not a character)
2026-02-03 00:17:40,272 - WARNING - Discarding Favonius Greatsword - invalid metadata (likely not a character)
2026-02-03 00:17:41,052 - INFO - Processed 230/232
2026-02-03 00:17:41,052 - INFO - Processing Sacrificial Greatsword...
2026-02-03 00:17:41,052 - INFO - Processing Retracing Bolide...
2026-02-03 00:17:46,119 - WARNING - Discarding Sacrificial Greatsword - invalid metadata (likely not a character)
2026-02-03 00:17:46,323 - WARNING - Discarding Retracing Bolide - invalid metadata (likely not a character)
2026-02-03 00:17:46,323 - INFO - Processed 232/232
2026-02-03 00:17:46,327 - INFO - Scraping complete. Data saved to /home/mondo/Bureau/enkakasha/Tools/Scrappers/data/characters.json
